<?xml version="1.0" encoding="UTF-8"?>
<testng-results ignored="4" total="5" passed="1" failed="0" skipped="0">
  <reporter-output>
  </reporter-output>
  <suite started-at="2021-07-06T12:08:35 CEST" name="Default suite" finished-at="2021-07-06T12:08:54 CEST" duration-ms="19076">
    <groups>
    </groups>
    <test started-at="2021-07-06T12:08:35 CEST" name="Default test" finished-at="2021-07-06T12:08:54 CEST" duration-ms="19076">
      <class name="telparkTests.LogInTests">
        <test-method is-config="true" signature="beforeAllTests()[pri:0, instance:telparkTests.LogInTests@17046283]" started-at="2021-07-06T12:08:35 CEST" name="beforeAllTests" finished-at="2021-07-06T12:08:39 CEST" duration-ms="4047" status="PASS">
          <reporter-output>
          </reporter-output>
        </test-method> <!-- beforeAllTests -->
        <test-method is-config="true" signature="beforeEachTest()[pri:0, instance:telparkTests.LogInTests@17046283]" started-at="2021-07-06T12:08:39 CEST" name="beforeEachTest" finished-at="2021-07-06T12:08:42 CEST" duration-ms="3449" status="PASS">
          <reporter-output>
          </reporter-output>
        </test-method> <!-- beforeEachTest -->
        <test-method signature="loginIfFieldPasswordLeftEmpty()[pri:20, instance:telparkTests.LogInTests@17046283]" started-at="2021-07-06T12:08:42 CEST" name="loginIfFieldPasswordLeftEmpty" finished-at="2021-07-06T12:08:49 CEST" duration-ms="6337" status="PASS">
          <reporter-output>
          </reporter-output>
        </test-method> <!-- loginIfFieldPasswordLeftEmpty -->
        <test-method is-config="true" signature="afterEachTest()[pri:0, instance:telparkTests.LogInTests@17046283]" started-at="2021-07-06T12:08:49 CEST" name="afterEachTest" finished-at="2021-07-06T12:08:50 CEST" duration-ms="958" status="PASS">
          <reporter-output>
          </reporter-output>
        </test-method> <!-- afterEachTest -->
        <test-method is-config="true" signature="afterAllTests()[pri:0, instance:telparkTests.LogInTests@17046283]" started-at="2021-07-06T12:08:50 CEST" name="afterAllTests" finished-at="2021-07-06T12:08:54 CEST" duration-ms="4231" status="PASS">
          <reporter-output>
          </reporter-output>
        </test-method> <!-- afterAllTests -->
      </class> <!-- telparkTests.LogInTests -->
    </test> <!-- Default test -->
  </suite> <!-- Default suite -->
</testng-results>
